[debug] [2025-12-20T15:45:08.816Z] ----------------------------------------------------------------------
[debug] [2025-12-20T15:45:08.824Z] Command:       /usr/local/bin/firebase /Users/mac/.cache/firebase/tools/lib/node_modules/firebase-tools/lib/bin/firebase init
[debug] [2025-12-20T15:45:08.825Z] CLI Version:   14.8.0
[debug] [2025-12-20T15:45:08.825Z] Platform:      darwin
[debug] [2025-12-20T15:45:08.825Z] Node Version:  v20.18.2
[debug] [2025-12-20T15:45:08.826Z] Time:          Sat Dec 20 2025 20:45:08 GMT+0500 (Pakistan Standard Time)
[debug] [2025-12-20T15:45:08.826Z] ----------------------------------------------------------------------
[debug] 
[debug] [2025-12-20T15:45:08.829Z] >>> [apiv2][query] GET https://firebase-public.firebaseio.com/cli.json [none]
[debug] [2025-12-20T15:45:08.901Z] > command requires scopes: ["email","openid","https://www.googleapis.com/auth/cloudplatformprojects.readonly","https://www.googleapis.com/auth/firebase","https://www.googleapis.com/auth/cloud-platform"]
[debug] [2025-12-20T15:45:08.904Z] > authorizing via signed-in user (dev.ubaidakmal@gmail.com)
[info] 
     ######## #### ########  ######## ########     ###     ######  ########
     ##        ##  ##     ## ##       ##     ##  ##   ##  ##       ##
     ######    ##  ########  ######   ########  #########  ######  ######
     ##        ##  ##    ##  ##       ##     ## ##     ##       ## ##
     ##       #### ##     ## ######## ########  ##     ##  ######  ########

You're about to initialize a Firebase project in this directory:

  /Users/mac/Documents/projects/AndroidbasedCrowdsourcedDisasterAlertSafetyApp

[debug] [2025-12-20T15:45:09.649Z] <<< [apiv2][status] GET https://firebase-public.firebaseio.com/cli.json 200
[debug] [2025-12-20T15:45:09.651Z] <<< [apiv2][body] GET https://firebase-public.firebaseio.com/cli.json {"cloudBuildErrorAfter":1594252800000,"cloudBuildWarnAfter":1590019200000,"defaultNode10After":1594252800000,"minVersion":"3.0.5","node8DeploysDisabledAfter":1613390400000,"node8RuntimeDisabledAfter":1615809600000,"node8WarnAfter":1600128000000}
[debug] [2025-12-20T15:45:14.562Z] Error: read EIO
    at TTY.onStreamRead (node:internal/stream_base_commons:218:20)
    at TTY.callbackTrampoline (node:internal/async_hooks:130:17)
[debug] [2025-12-20T15:45:31.524Z] ----------------------------------------------------------------------
[debug] [2025-12-20T15:45:31.533Z] Command:       /usr/local/bin/firebase /Users/mac/.cache/firebase/tools/lib/node_modules/firebase-tools/lib/bin/firebase init
[debug] [2025-12-20T15:45:31.533Z] CLI Version:   14.8.0
[debug] [2025-12-20T15:45:31.533Z] Platform:      darwin
[debug] [2025-12-20T15:45:31.533Z] Node Version:  v20.18.2
[debug] [2025-12-20T15:45:31.534Z] Time:          Sat Dec 20 2025 20:45:31 GMT+0500 (Pakistan Standard Time)
[debug] [2025-12-20T15:45:31.534Z] ----------------------------------------------------------------------
[debug] 
[debug] [2025-12-20T15:45:31.542Z] > command requires scopes: ["email","openid","https://www.googleapis.com/auth/cloudplatformprojects.readonly","https://www.googleapis.com/auth/firebase","https://www.googleapis.com/auth/cloud-platform"]
[debug] [2025-12-20T15:45:31.544Z] > authorizing via signed-in user (dev.ubaidakmal@gmail.com)
[info] 
     ######## #### ########  ######## ########     ###     ######  ########
     ##        ##  ##     ## ##       ##     ##  ##   ##  ##       ##
     ######    ##  ########  ######   ########  #########  ######  ######
     ##        ##  ##    ##  ##       ##     ## ##     ##       ## ##
     ##       #### ##     ## ######## ########  ##     ##  ######  ########

You're about to initialize a Firebase project in this directory:

  /Users/mac/Documents/projects/AndroidbasedCrowdsourcedDisasterAlertSafetyApp

[debug] [2025-12-20T15:46:40.821Z] ----------------------------------------------------------------------
[debug] [2025-12-20T15:46:40.826Z] Command:       /usr/local/bin/firebase /Users/mac/.cache/firebase/tools/lib/node_modules/firebase-tools/lib/bin/firebase init
[debug] [2025-12-20T15:46:40.826Z] CLI Version:   14.8.0
[debug] [2025-12-20T15:46:40.826Z] Platform:      darwin
[debug] [2025-12-20T15:46:40.826Z] Node Version:  v20.18.2
[debug] [2025-12-20T15:46:40.827Z] Time:          Sat Dec 20 2025 20:46:40 GMT+0500 (Pakistan Standard Time)
[debug] [2025-12-20T15:46:40.828Z] ----------------------------------------------------------------------
[debug] 
[debug] [2025-12-20T15:46:40.837Z] > command requires scopes: ["email","openid","https://www.googleapis.com/auth/cloudplatformprojects.readonly","https://www.googleapis.com/auth/firebase","https://www.googleapis.com/auth/cloud-platform"]
[debug] [2025-12-20T15:46:40.838Z] > authorizing via signed-in user (dev.ubaidakmal@gmail.com)
[info] 
     ######## #### ########  ######## ########     ###     ######  ########
     ##        ##  ##     ## ##       ##     ##  ##   ##  ##       ##
     ######    ##  ########  ######   ########  #########  ######  ######
     ##        ##  ##    ##  ##       ##     ## ##     ##       ## ##
     ##       #### ##     ## ######## ########  ##     ##  ######  ########

You're about to initialize a Firebase project in this directory:

  /Users/mac/Documents/projects/AndroidbasedCrowdsourcedDisasterAlertSafetyApp

[debug] [2025-12-20T15:54:08.239Z] ----------------------------------------------------------------------
[debug] [2025-12-20T15:54:08.245Z] Command:       /usr/local/bin/firebase /Users/mac/.cache/firebase/tools/lib/node_modules/firebase-tools/lib/bin/firebase init
[debug] [2025-12-20T15:54:08.245Z] CLI Version:   14.8.0
[debug] [2025-12-20T15:54:08.245Z] Platform:      darwin
[debug] [2025-12-20T15:54:08.245Z] Node Version:  v20.18.2
[debug] [2025-12-20T15:54:08.246Z] Time:          Sat Dec 20 2025 20:54:08 GMT+0500 (Pakistan Standard Time)
[debug] [2025-12-20T15:54:08.246Z] ----------------------------------------------------------------------
[debug] 
[debug] [2025-12-20T15:54:08.255Z] > command requires scopes: ["email","openid","https://www.googleapis.com/auth/cloudplatformprojects.readonly","https://www.googleapis.com/auth/firebase","https://www.googleapis.com/auth/cloud-platform"]
[debug] [2025-12-20T15:54:08.256Z] > authorizing via signed-in user (dev.ubaidakmal@gmail.com)
[info] 
     ######## #### ########  ######## ########     ###     ######  ########
     ##        ##  ##     ## ##       ##     ##  ##   ##  ##       ##
     ######    ##  ########  ######   ########  #########  ######  ######
     ##        ##  ##    ##  ##       ##     ## ##     ##       ## ##
     ##       #### ##     ## ######## ########  ##     ##  ######  ########

You're about to initialize a Firebase project in this directory:

  /Users/mac/Documents/projects/AndroidbasedCrowdsourcedDisasterAlertSafetyApp

[debug] [2025-12-20T15:55:02.126Z] ----------------------------------------------------------------------
[debug] [2025-12-20T15:55:02.131Z] Command:       /usr/local/bin/firebase /Users/mac/.cache/firebase/tools/lib/node_modules/firebase-tools/lib/bin/firebase init
[debug] [2025-12-20T15:55:02.132Z] CLI Version:   14.8.0
[debug] [2025-12-20T15:55:02.132Z] Platform:      darwin
[debug] [2025-12-20T15:55:02.132Z] Node Version:  v20.18.2
[debug] [2025-12-20T15:55:02.133Z] Time:          Sat Dec 20 2025 20:55:02 GMT+0500 (Pakistan Standard Time)
[debug] [2025-12-20T15:55:02.133Z] ----------------------------------------------------------------------
[debug] 
[debug] [2025-12-20T15:55:02.142Z] > command requires scopes: ["email","openid","https://www.googleapis.com/auth/cloudplatformprojects.readonly","https://www.googleapis.com/auth/firebase","https://www.googleapis.com/auth/cloud-platform"]
[debug] [2025-12-20T15:55:02.144Z] > authorizing via signed-in user (dev.ubaidakmal@gmail.com)
[info] 
     ######## #### ########  ######## ########     ###     ######  ########
     ##        ##  ##     ## ##       ##     ##  ##   ##  ##       ##
     ######    ##  ########  ######   ########  #########  ######  ######
     ##        ##  ##    ##  ##       ##     ## ##     ##       ## ##
     ##       #### ##     ## ######## ########  ##     ##  ######  ########

You're about to initialize a Firebase project in this directory:

  /Users/mac/Documents/projects/AndroidbasedCrowdsourcedDisasterAlertSafetyApp

[info] 
=== Project Setup
[info] 
[info] First, let's associate this project directory with a Firebase project.
[info] You can create multiple project aliases by running firebase use --add, 
[info] but for now we'll just set up a default project.
[info] 
[info] i  If you want to create a project in a Google Cloud organization or folder, please use "firebase projects:create" instead, and return to this command when you've created the project. 
[debug] [2025-12-20T21:06:31.924Z] Checked if tokens are valid: false, expires at: 1764348007382
[debug] [2025-12-20T21:06:31.929Z] Checked if tokens are valid: false, expires at: 1764348007382
[debug] [2025-12-20T21:06:31.931Z] > refreshing access token with scopes: []
[debug] [2025-12-20T21:06:31.941Z] >>> [apiv2][query] POST https://www.googleapis.com/oauth2/v3/token [none]
[debug] [2025-12-20T21:06:31.942Z] >>> [apiv2][body] POST https://www.googleapis.com/oauth2/v3/token [omitted]
[debug] [2025-12-20T21:06:32.765Z] <<< [apiv2][status] POST https://www.googleapis.com/oauth2/v3/token 200
[debug] [2025-12-20T21:06:32.765Z] <<< [apiv2][body] POST https://www.googleapis.com/oauth2/v3/token [omitted]
[debug] [2025-12-20T21:06:32.787Z] >>> [apiv2][query] POST https://cloudresourcemanager.googleapis.com/v1/projects [none]
[debug] [2025-12-20T21:06:32.788Z] >>> [apiv2][body] POST https://cloudresourcemanager.googleapis.com/v1/projects {"projectId":"com.bc230420212.app","name":"Disaster Alert"}
[debug] [2025-12-20T21:06:34.528Z] <<< [apiv2][status] POST https://cloudresourcemanager.googleapis.com/v1/projects 400
[debug] [2025-12-20T21:06:34.531Z] <<< [apiv2][body] POST https://cloudresourcemanager.googleapis.com/v1/projects {"error":{"code":400,"message":"field [project_id] has issue [project_id contains invalid characters]","status":"INVALID_ARGUMENT","details":[{"@type":"type.googleapis.com/google.rpc.BadRequest","fieldViolations":[{"field":"project_id","description":"project_id contains invalid characters"}]},{"@type":"type.googleapis.com/google.rpc.Help","links":[{"url":"https://cloud.google.com/resource-manager/reference/rest/v1/projects"}]}]}}
[debug] [2025-12-20T21:06:35.004Z] FirebaseError: Request to https://cloudresourcemanager.googleapis.com/v1/projects had HTTP Error: 400, field [project_id] has issue [project_id contains invalid characters]
    at responseToError (/Users/mac/.cache/firebase/tools/lib/node_modules/firebase-tools/lib/responseToError.js:52:12)
    at RetryOperation._fn (/Users/mac/.cache/firebase/tools/lib/node_modules/firebase-tools/lib/apiv2.js:312:77)
    at process.processTicksAndRejections (node:internal/process/task_queues:95:5)
[error] 
[error] Error: Failed to create project. See firebase-debug.log for more info.
[debug] [2025-12-20T22:04:48.082Z] ----------------------------------------------------------------------
[debug] [2025-12-20T22:04:48.099Z] Command:       /usr/local/bin/firebase /Users/mac/.cache/firebase/tools/lib/node_modules/firebase-tools/lib/bin/firebase init
[debug] [2025-12-20T22:04:48.099Z] CLI Version:   14.8.0
[debug] [2025-12-20T22:04:48.100Z] Platform:      darwin
[debug] [2025-12-20T22:04:48.100Z] Node Version:  v20.18.2
[debug] [2025-12-20T22:04:48.100Z] Time:          Sun Dec 21 2025 03:04:48 GMT+0500 (Pakistan Standard Time)
[debug] [2025-12-20T22:04:48.101Z] ----------------------------------------------------------------------
[debug] 
[debug] [2025-12-20T22:04:48.114Z] > command requires scopes: ["email","openid","https://www.googleapis.com/auth/cloudplatformprojects.readonly","https://www.googleapis.com/auth/firebase","https://www.googleapis.com/auth/cloud-platform"]
[debug] [2025-12-20T22:04:48.115Z] > authorizing via signed-in user (dev.ubaidakmal@gmail.com)
[info] 
     ######## #### ########  ######## ########     ###     ######  ########
     ##        ##  ##     ## ##       ##     ##  ##   ##  ##       ##
     ######    ##  ########  ######   ########  #########  ######  ######
     ##        ##  ##    ##  ##       ##     ## ##     ##       ## ##
     ##       #### ##     ## ######## ########  ##     ##  ######  ########

You're about to initialize a Firebase project in this directory:

  /Users/mac/Documents/projects/AndroidbasedCrowdsourcedDisasterAlertSafetyApp

[info] 
=== Project Setup
[info] 
[info] First, let's associate this project directory with a Firebase project.
[info] You can create multiple project aliases by running firebase use --add, 
[info] but for now we'll just set up a default project.
[info] 
[info] i  If you want to create a project in a Google Cloud organization or folder, please use "firebase projects:create" instead, and return to this command when you've created the project. 
[debug] [2025-12-20T22:05:44.634Z] Checked if tokens are valid: false, expires at: 1766268391766
[debug] [2025-12-20T22:05:44.635Z] Checked if tokens are valid: false, expires at: 1766268391766
[debug] [2025-12-20T22:05:44.635Z] > refreshing access token with scopes: []
[debug] [2025-12-20T22:05:44.638Z] >>> [apiv2][query] POST https://www.googleapis.com/oauth2/v3/token [none]
[debug] [2025-12-20T22:05:44.639Z] >>> [apiv2][body] POST https://www.googleapis.com/oauth2/v3/token [omitted]
[debug] [2025-12-20T22:05:45.342Z] <<< [apiv2][status] POST https://www.googleapis.com/oauth2/v3/token 200
[debug] [2025-12-20T22:05:45.342Z] <<< [apiv2][body] POST https://www.googleapis.com/oauth2/v3/token [omitted]
[debug] [2025-12-20T22:05:45.364Z] >>> [apiv2][query] POST https://cloudresourcemanager.googleapis.com/v1/projects [none]
[debug] [2025-12-20T22:05:45.364Z] >>> [apiv2][body] POST https://cloudresourcemanager.googleapis.com/v1/projects {"projectId":"com.bc230420212.app","name":"Disaster App"}
[debug] [2025-12-20T22:05:47.109Z] <<< [apiv2][status] POST https://cloudresourcemanager.googleapis.com/v1/projects 400
[debug] [2025-12-20T22:05:47.111Z] <<< [apiv2][body] POST https://cloudresourcemanager.googleapis.com/v1/projects {"error":{"code":400,"message":"field [project_id] has issue [project_id contains invalid characters]","status":"INVALID_ARGUMENT","details":[{"@type":"type.googleapis.com/google.rpc.BadRequest","fieldViolations":[{"field":"project_id","description":"project_id contains invalid characters"}]},{"@type":"type.googleapis.com/google.rpc.Help","links":[{"url":"https://cloud.google.com/resource-manager/reference/rest/v1/projects"}]}]}}
[debug] [2025-12-20T22:05:47.569Z] FirebaseError: Request to https://cloudresourcemanager.googleapis.com/v1/projects had HTTP Error: 400, field [project_id] has issue [project_id contains invalid characters]
    at responseToError (/Users/mac/.cache/firebase/tools/lib/node_modules/firebase-tools/lib/responseToError.js:52:12)
    at RetryOperation._fn (/Users/mac/.cache/firebase/tools/lib/node_modules/firebase-tools/lib/apiv2.js:312:77)
    at process.processTicksAndRejections (node:internal/process/task_queues:95:5)
[error] 
[error] Error: Failed to create project. See firebase-debug.log for more info.
